{"file":"D:/code/github.com/apphub/server/sdk/runner/cmd.go:56","func":"github.com/flipped-aurora/gin-vue-admin/server/sdk/runner.(*Runner).Run","level":"info","msg":"0xc0000260c0","time":"2024-08-26 18:54:01"}
{"file":"D:/code/github.com/apphub/server/sdk/runner/cmd.go:21","func":"github.com/flipped-aurora/gin-vue-admin/server/sdk/runner.(*Context).BindJSON","level":"info","msg":"","time":"2024-08-26 18:54:01"}
{"file":"D:/code/github.com/apphub/server/sdk/runner/cmd.go:56","func":"github.com/flipped-aurora/gin-vue-admin/server/sdk/runner.(*Runner).Run","level":"info","msg":"0xc0000260c0","time":"2024-08-26 18:54:48"}
{"file":"D:/code/github.com/apphub/server/sdk/runner/cmd.go:21","func":"github.com/flipped-aurora/gin-vue-admin/server/sdk/runner.(*Context).BindJSON","level":"info","msg":"","time":"2024-08-26 18:54:48"}
{"file":"D:/code/github.com/apphub/server/sdk/runner/cmd.go:58","func":"github.com/flipped-aurora/gin-vue-admin/server/sdk/runner.(*Runner).Run","level":"info","msg":"","time":"2024-08-26 18:55:51"}
{"file":"D:/code/github.com/apphub/server/sdk/runner/cmd.go:21","func":"github.com/flipped-aurora/gin-vue-admin/server/sdk/runner.(*Context).BindJSON","level":"info","msg":"","time":"2024-08-26 18:55:51"}
{"file":"D:/code/github.com/apphub/server/sdk/runner/cmd.go:58","func":"github.com/flipped-aurora/gin-vue-admin/server/sdk/runner.(*Runner).Run","level":"info","msg":"","time":"2024-08-26 18:56:05"}
{"file":"D:/code/github.com/apphub/server/sdk/runner/cmd.go:21","func":"github.com/flipped-aurora/gin-vue-admin/server/sdk/runner.(*Context).BindJSON","level":"info","msg":"","time":"2024-08-26 18:56:05"}
{"file":"D:/code/github.com/apphub/server/sdk/runner/cmd.go:58","func":"github.com/flipped-aurora/gin-vue-admin/server/sdk/runner.(*Runner).Run","level":"info","msg":"","time":"2024-08-26 18:56:07"}
{"file":"D:/code/github.com/apphub/server/sdk/runner/cmd.go:21","func":"github.com/flipped-aurora/gin-vue-admin/server/sdk/runner.(*Context).BindJSON","level":"info","msg":"","time":"2024-08-26 18:56:07"}
{"file":"D:/code/github.com/apphub/server/sdk/runner/cmd.go:58","func":"github.com/flipped-aurora/gin-vue-admin/server/sdk/runner.(*Runner).Run","level":"info","msg":"","time":"2024-08-26 18:56:09"}
{"file":"D:/code/github.com/apphub/server/sdk/runner/cmd.go:21","func":"github.com/flipped-aurora/gin-vue-admin/server/sdk/runner.(*Context).BindJSON","level":"info","msg":"","time":"2024-08-26 18:56:09"}
{"file":"D:/code/github.com/apphub/server/sdk/runner/cmd.go:58","func":"github.com/flipped-aurora/gin-vue-admin/server/sdk/runner.(*Runner).Run","level":"info","msg":"cmd:echo,args:","time":"2024-08-26 18:57:35"}
{"file":"D:/code/github.com/apphub/server/sdk/runner/cmd.go:21","func":"github.com/flipped-aurora/gin-vue-admin/server/sdk/runner.(*Context).BindJSON","level":"info","msg":"","time":"2024-08-26 18:57:35"}
{"file":"D:/code/github.com/apphub/server/sdk/runner/cmd.go:58","func":"github.com/flipped-aurora/gin-vue-admin/server/sdk/runner.(*Runner).Run","level":"info","msg":"cmd:echo,args:","time":"2024-08-26 18:57:38"}
{"file":"D:/code/github.com/apphub/server/sdk/runner/cmd.go:21","func":"github.com/flipped-aurora/gin-vue-admin/server/sdk/runner.(*Context).BindJSON","level":"info","msg":"","time":"2024-08-26 18:57:38"}
{"file":"D:/code/github.com/apphub/server/sdk/runner/cmd.go:58","func":"github.com/flipped-aurora/gin-vue-admin/server/sdk/runner.(*Runner).Run","level":"info","msg":"cmd:echo,args:","time":"2024-08-26 18:57:38"}
{"file":"D:/code/github.com/apphub/server/sdk/runner/cmd.go:21","func":"github.com/flipped-aurora/gin-vue-admin/server/sdk/runner.(*Context).BindJSON","level":"info","msg":"","time":"2024-08-26 18:57:38"}
{"file":"D:/code/github.com/apphub/server/sdk/runner/cmd.go:58","func":"github.com/flipped-aurora/gin-vue-admin/server/sdk/runner.(*Runner).Run","level":"info","msg":"cmd:echo,args:","time":"2024-08-26 18:57:39"}
{"file":"D:/code/github.com/apphub/server/sdk/runner/cmd.go:21","func":"github.com/flipped-aurora/gin-vue-admin/server/sdk/runner.(*Context).BindJSON","level":"info","msg":"","time":"2024-08-26 18:57:39"}
{"file":"D:/code/github.com/apphub/server/sdk/runner/cmd.go:69","func":"github.com/flipped-aurora/gin-vue-admin/server/sdk/runner.(*Runner).Run","level":"info","msg":"command:echo,args:json_1724669482935403100.json","time":"2024-08-26 19:07:10"}
{"file":"D:/code/github.com/apphub/server/sdk/runner/cmd.go:32","func":"github.com/flipped-aurora/gin-vue-admin/server/sdk/runner.(*Context).BindJSON","level":"info","msg":"json_1724669482935403100.json","time":"2024-08-26 19:07:10"}
{"file":"D:/code/github.com/apphub/server/sdk/runner/cmd.go:69","func":"github.com/flipped-aurora/gin-vue-admin/server/sdk/runner.(*Runner).Run","level":"info","msg":"command:echo,args:json_1724669482935403100.json","time":"2024-08-26 19:07:13"}
{"file":"D:/code/github.com/apphub/server/sdk/runner/cmd.go:32","func":"github.com/flipped-aurora/gin-vue-admin/server/sdk/runner.(*Context).BindJSON","level":"info","msg":"json_1724669482935403100.json","time":"2024-08-26 19:07:13"}
{"file":"D:/code/github.com/apphub/server/sdk/runner/cmd.go:168","func":"github.com/flipped-aurora/gin-vue-admin/server/sdk/runner.(*Runner).Run","level":"info","msg":"command:echo,args:json_1724670501778759100.json","time":"2024-08-28 13:30:08"}
{"file":"D:/code/github.com/apphub/server/soft_cmd/beiluo/json/main.go:29","func":"main.main.func1","level":"info","msg":"echonull","time":"2024-08-28 13:30:08"}
{"file":"D:/code/github.com/apphub/server/sdk/runner/cmd.go:168","func":"github.com/flipped-aurora/gin-vue-admin/server/sdk/runner.(*Runner).Run","level":"info","msg":"command:echo,args:json_1724670501778759100.json","time":"2024-08-28 13:30:22"}
{"file":"D:/code/github.com/apphub/server/soft_cmd/beiluo/json/main.go:29","func":"main.main.func1","level":"info","msg":"echonull","time":"2024-08-28 13:30:22"}
{"file":"D:/code/github.com/apphub/server/sdk/runner/cmd.go:168","func":"github.com/flipped-aurora/gin-vue-admin/server/sdk/runner.(*Runner).Run","level":"info","msg":"command:echo,args:json_1724670501778759100.json","time":"2024-08-28 13:31:08"}
{"file":"D:/code/github.com/apphub/server/soft_cmd/beiluo/json/main.go:29","func":"main.main.func1","level":"info","msg":"echonull","time":"2024-08-28 13:31:08"}
{"file":"D:/code/github.com/apphub/server/sdk/runner/cmd.go:168","func":"github.com/flipped-aurora/gin-vue-admin/server/sdk/runner.(*Runner).Run","level":"info","msg":"command:echo,args:json_1724670501778759100.json","time":"2024-08-28 13:31:28"}
{"file":"D:/code/github.com/apphub/server/soft_cmd/beiluo/json/main.go:29","func":"main.main.func1","level":"info","msg":"echonull","time":"2024-08-28 13:31:28"}
{"file":"D:/code/github.com/apphub/server/sdk/runner/cmd.go:168","func":"github.com/flipped-aurora/gin-vue-admin/server/sdk/runner.(*Runner).Run","level":"info","msg":"command:echo,args:json_1724670501778759100.json","time":"2024-08-28 13:31:29"}
{"file":"D:/code/github.com/apphub/server/soft_cmd/beiluo/json/main.go:29","func":"main.main.func1","level":"info","msg":"echonull","time":"2024-08-28 13:31:29"}
{"file":"D:/code/github.com/apphub/server/sdk/runner/cmd.go:168","func":"github.com/flipped-aurora/gin-vue-admin/server/sdk/runner.(*Runner).Run","level":"info","msg":"command:echo,args:json_1724670501778759100.json","time":"2024-08-28 13:31:30"}
{"file":"D:/code/github.com/apphub/server/soft_cmd/beiluo/json/main.go:29","func":"main.main.func1","level":"info","msg":"echonull","time":"2024-08-28 13:31:30"}
{"file":"D:/code/github.com/apphub/server/sdk/runner/cmd.go:168","func":"github.com/flipped-aurora/gin-vue-admin/server/sdk/runner.(*Runner).Run","level":"info","msg":"command:echo,args:json_1724670501778759100.json","time":"2024-08-28 13:31:31"}
{"file":"D:/code/github.com/apphub/server/soft_cmd/beiluo/json/main.go:29","func":"main.main.func1","level":"info","msg":"echonull","time":"2024-08-28 13:31:31"}
{"file":"D:/code/github.com/apphub/server/sdk/runner/cmd.go:168","func":"github.com/flipped-aurora/gin-vue-admin/server/sdk/runner.(*Runner).Run","level":"info","msg":"command:echo,args:json_1724670501778759100.json","time":"2024-08-28 13:31:33"}
{"file":"D:/code/github.com/apphub/server/soft_cmd/beiluo/json/main.go:29","func":"main.main.func1","level":"info","msg":"echonull","time":"2024-08-28 13:31:33"}
{"file":"D:/code/github.com/apphub/server/sdk/runner/cmd.go:168","func":"github.com/flipped-aurora/gin-vue-admin/server/sdk/runner.(*Runner).Run","level":"info","msg":"command:echo,args:json_1724670501778759100.json","time":"2024-08-28 13:32:36"}
{"file":"D:/code/github.com/apphub/server/soft_cmd/beiluo/json/main.go:29","func":"main.main.func1","level":"info","msg":"echonull","time":"2024-08-28 13:32:36"}
{"file":"D:/code/github.com/apphub/server/sdk/runner/cmd.go:168","func":"github.com/flipped-aurora/gin-vue-admin/server/sdk/runner.(*Runner).Run","level":"info","msg":"command:echo,args:json_1724670501778759100.json","time":"2024-08-28 13:32:37"}
{"file":"D:/code/github.com/apphub/server/soft_cmd/beiluo/json/main.go:29","func":"main.main.func1","level":"info","msg":"echonull","time":"2024-08-28 13:32:37"}
{"file":"D:/code/github.com/apphub/server/sdk/runner/cmd.go:168","func":"github.com/flipped-aurora/gin-vue-admin/server/sdk/runner.(*Runner).Run","level":"info","msg":"command:echo,args:json_1724670501778759100.json","time":"2024-08-28 13:32:38"}
{"file":"D:/code/github.com/apphub/server/soft_cmd/beiluo/json/main.go:29","func":"main.main.func1","level":"info","msg":"echonull","time":"2024-08-28 13:32:38"}
{"file":"D:/code/github.com/apphub/server/sdk/runner/cmd.go:168","func":"github.com/flipped-aurora/gin-vue-admin/server/sdk/runner.(*Runner).Run","level":"info","msg":"command:echo,args:json_1724670501778759100.json","time":"2024-08-28 13:32:40"}
{"file":"D:/code/github.com/apphub/server/soft_cmd/beiluo/json/main.go:29","func":"main.main.func1","level":"info","msg":"echonull","time":"2024-08-28 13:32:40"}
{"file":"D:/code/github.com/apphub/server/sdk/runner/cmd.go:168","func":"github.com/flipped-aurora/gin-vue-admin/server/sdk/runner.(*Runner).Run","level":"info","msg":"command:echo,args:json_1724670501778759100.json","time":"2024-08-28 13:32:41"}
{"file":"D:/code/github.com/apphub/server/soft_cmd/beiluo/json/main.go:29","func":"main.main.func1","level":"info","msg":"echonull","time":"2024-08-28 13:32:41"}
{"file":"D:/code/github.com/apphub/server/sdk/runner/cmd.go:168","func":"github.com/flipped-aurora/gin-vue-admin/server/sdk/runner.(*Runner).Run","level":"info","msg":"command:echo,args:json_1724670501778759100.json","time":"2024-08-28 13:32:46"}
{"file":"D:/code/github.com/apphub/server/soft_cmd/beiluo/json/main.go:29","func":"main.main.func1","level":"info","msg":"echonull","time":"2024-08-28 13:32:46"}
{"file":"D:/code/github.com/apphub/server/sdk/runner/cmd.go:168","func":"github.com/flipped-aurora/gin-vue-admin/server/sdk/runner.(*Runner).Run","level":"info","msg":"command:echo,args:json_1724670501778759100.json","time":"2024-08-28 13:32:47"}
{"file":"D:/code/github.com/apphub/server/soft_cmd/beiluo/json/main.go:29","func":"main.main.func1","level":"info","msg":"echonull","time":"2024-08-28 13:32:47"}
{"file":"D:/code/github.com/apphub/server/sdk/runner/cmd.go:168","func":"github.com/flipped-aurora/gin-vue-admin/server/sdk/runner.(*Runner).Run","level":"info","msg":"command:echo,args:json_1724670501778759100.json","time":"2024-08-28 13:35:08"}
{"file":"D:/code/github.com/apphub/server/soft_cmd/beiluo/json/main.go:29","func":"main.main.func1","level":"info","msg":"echonull","time":"2024-08-28 13:35:08"}
{"file":"D:/code/github.com/apphub/server/sdk/runner/cmd.go:168","func":"github.com/flipped-aurora/gin-vue-admin/server/sdk/runner.(*Runner).Run","level":"info","msg":"command:echo,args:json_1724670501778759100.json","time":"2024-08-28 13:40:48"}
{"file":"D:/code/github.com/apphub/server/soft_cmd/beiluo/json/main.go:29","func":"main.main.func1","level":"info","msg":"echonull","time":"2024-08-28 13:40:48"}
{"file":"D:/code/github.com/apphub/server/sdk/runner/cmd.go:168","func":"github.com/flipped-aurora/gin-vue-admin/server/sdk/runner.(*Runner).Run","level":"info","msg":"command:echo,args:json_1724823599991523300.json","time":"2024-08-28 13:43:57"}
